<?xml version="1.0" encoding="UTF-8"?>
<!-- Generated by org.testng.reporters.JUnitReportReporter -->
<testsuite hostname="Simran" failures="0" tests="1" name="com.sn.Testcases.IncidentCreateTest" time="170.699" errors="0" timestamp="2022-06-20T15:05:57 IST" skipped="0">
  <testcase classname="com.sn.Testcases.IncidentCreateTest" name="incidentCreate01" time="170.699"/>
  <system-out/>
</testsuite> <!-- com.sn.Testcases.IncidentCreateTest -->
