<?xml version="1.0" encoding="UTF-8"?>
<!-- Generated by org.testng.reporters.JUnitReportReporter -->
<testsuite hostname="Simran" failures="0" tests="2" name="com.sn.Testcases.HomePageTest" time="180.645" errors="0" timestamp="2022-05-25T18:14:08 IST" skipped="0">
  <testcase classname="com.sn.Testcases.HomePageTest" name="SearchIncident" time="93.298"/>
  <system-out/>
  <testcase classname="com.sn.Testcases.HomePageTest" name="verify" time="87.347"/>
  <system-out/>
</testsuite> <!-- com.sn.Testcases.HomePageTest -->
